Arguments: 
  /usr/local/bin/node /Users/auth18/.yarn/bin/yarn.js format

PATH: 
  /Users/auth18/.yarn/bin:/Users/auth18/.config/yarn/global/node_modules/.bin:/usr/local/opt/icu4c/sbin:/usr/local/opt/icu4c/bin:/Users/auth18/.composer/vendor/bin:/Library/Frameworks/Python.framework/Versions/3.7/bin:/usr/local/bin:/usr/bin:/bin:/usr/sbin:/sbin:/Users/auth18/.yarn/bin:/Users/auth18/.config/yarn/global/node_modules/.bin:/usr/local/opt/icu4c/sbin:/usr/local/opt/icu4c/bin:/Users/auth18/.composer/vendor/bin:/Library/Frameworks/Python.framework/Versions/3.7/bin

Yarn version: 
  1.17.3

Node version: 
  12.13.0

Platform: 
  darwin x64

Trace: 
  SyntaxError: /Users/auth18/Projects/typescript-cheatsheet/package.json: Unexpected token } in JSON at position 144
      at JSON.parse (<anonymous>)
      at /Users/auth18/.yarn/lib/cli.js:1625:59
      at Generator.next (<anonymous>)
      at step (/Users/auth18/.yarn/lib/cli.js:304:30)
      at /Users/auth18/.yarn/lib/cli.js:315:13

npm manifest: 
  {
    "name": "typescript-cheatsheet",
    "version": "1.0.0",
    "main": "index.js",
    "scripts": {
      "format": "prettier --write \"**/*.md\"",
    },
    "repository": "https://github.com/lahin31/typescript-cheatsheet.git",
    "author": "lahin31 <muhammad.lahin@gmail.com>",
    "license": "MIT",
    "devDependencies": {
      "prettier": "^1.19.1"
    }
  }

yarn manifest: 
  No manifest

Lockfile: 
  # THIS IS AN AUTOGENERATED FILE. DO NOT EDIT THIS FILE DIRECTLY.
  # yarn lockfile v1
  
  
  prettier@^1.19.1:
    version "1.19.1"
    resolved "https://registry.yarnpkg.com/prettier/-/prettier-1.19.1.tgz#f7d7f5ff8a9cd872a7be4ca142095956a60797cb"
    integrity sha512-s7PoyDv/II1ObgQunCbB9PdLmUcBZcnWOcxDh7O0N/UwDEsHyqkW+Qh28jW+mVuCdx7gLB0BotYI1Y6uI9iyew==
